<?xml version="1.0" encoding="UTF-8"?>
<testsuite xmlns:xsi="http://www.w3.org/2001/XMLSchema-instance" xsi:noNamespaceSchemaLocation="https://maven.apache.org/surefire/maven-surefire-plugin/xsd/surefire-test-report.xsd" name="Our Stores Module" time="9.982" tests="1" errors="0" skipped="0" failures="1">
  <properties>
[...]
</properties>
  <testcase name="verify our stores module" classname="Our Stores Module" time="9.982">
    <failure message="verify page subtitle expected:&lt;[OUR STORE(S)!]&gt; but was:&lt;[AUTHENTICATION]&gt;" type="org.junit.ComparisonFailure"><![CDATA[org.junit.ComparisonFailure: verify page subtitle expected:<[OUR STORE(S)!]> but was:<[AUTHENTICATION]>
]]></failure>
    <system-out><![CDATA[
@answerdigital @ourstores
Scenario: verify our stores module                             &amp#27;[90m# src/test/resources/features/OurStores.feature:5&amp#27;[0m
  &amp#27;[32mGiven &amp#27;[0m&amp#27;[32mthe user is on &amp#27;[0m&amp#27;[32m&amp#27;[1m"My Store"&amp#27;[0m&amp#27;[32m homepage&amp#27;[0m                     &amp#27;[90m# com.answerdigital.stepdefinitions.MyBasketStepDefs.the_user_is_on_homepage(java.lang.String)&amp#27;[0m
  &amp#27;[32mWhen &amp#27;[0m&amp#27;[32mthe user navigate to &amp#27;[0m&amp#27;[32m&amp#27;[1m"Our stores"&amp#27;[0m&amp#27;[32m page&amp#27;[0m                  &amp#27;[90m# com.answerdigital.stepdefinitions.OurStoresStepDefs.theUserNavigateToPage(java.lang.String)&amp#27;[0m
  &amp#27;[31mThen &amp#27;[0m&amp#27;[31mverify that page subtitle is &amp#27;[0m&amp#27;[31m&amp#27;[1m"Our store(s)!"&amp#27;[0m            &amp#27;[90m# com.answerdigital.stepdefinitions.OurStoresStepDefs.verifyThatPageSubtitleIs(java.lang.String)&amp#27;[0m
      &amp#27;[31morg.junit.ComparisonFailure: verify page subtitle expected:<[OUR STORE(S)!]> but was:<[AUTHENTICATION]>
	at org.junit.Assert.assertEquals(Assert.java:117)
	at com.answerdigital.stepdefinitions.OurStoresStepDefs.verifyThatPageSubtitleIs(OurStoresStepDefs.java:24)
	at ✽.verify that page subtitle is "Our store(s)!"(file:///Users/omerbozduman/IdeaProjects/AnswerDigitalAutomationTest/src/test/resources/features/OurStores.feature:8)
&amp#27;[0m
  &amp#27;[36mAnd &amp#27;[0m&amp#27;[36mthe user checks the &amp#27;[0m&amp#27;[36m&amp#27;[1m"Pembroke Pines"&amp#27;[0m&amp#27;[36m store is on the map&amp#27;[0m &amp#27;[90m# com.answerdigital.stepdefinitions.OurStoresStepDefs.theUserChecksTheStoreIsOnTheMap(java.lang.String)&amp#27;[0m
  &amp#27;[36mAnd &amp#27;[0m&amp#27;[36mtake screenshot of &amp#27;[0m&amp#27;[36m&amp#27;[1m"PembrokePinesStore"&amp#27;[0m&amp#27;[36m address&amp#27;[0m          &amp#27;[90m# com.answerdigital.stepdefinitions.OurStoresStepDefs.takeScreenshotOfAddress(java.lang.String)&amp#27;[0m
]]></system-out>
    <system-err><![CDATA[Starting ChromeDriver 87.0.4280.88 (89e2380a3e36c3464b5dd1302349b1382549290d-refs/branch-heads/4280@{#1761}) on port 28225
Only local connections are allowed.
Please see https://chromedriver.chromium.org/security-considerations for suggestions on keeping ChromeDriver safe.
ChromeDriver was started successfully.
Jan 07, 2021 9:57:46 PM org.openqa.selenium.remote.ProtocolHandshake createSession
INFO: Detected dialect: W3C
]]></system-err>
  </testcase>
</testsuite>